<?xml version="1.0" encoding="UTF-8"?>
<!-- Generated by org.testng.reporters.JUnitReportReporter -->
<testsuite hostname="PC05" name="Testers.StringChangeTest" tests="6" failures="0" timestamp="2 May 2016 08:09:33 GMT"
           time="0.002" errors="0">
    <testcase name="testName" time="0.000" classname="Testers.StringChangeTest"/>
    <testcase name="testModifiedStr" time="0.001" classname="Testers.StringChangeTest"/>
    <testcase name="testName" time="0.000" classname="Testers.StringChangeTest"/>
    <testcase name="testName" time="0.001" classname="Testers.StringChangeTest"/>
    <testcase name="testName" time="0.000" classname="Testers.StringChangeTest"/>
    <testcase name="testName" time="0.000" classname="Testers.StringChangeTest"/>
</testsuite> <!-- Testers.StringChangeTest -->
