<?xml version="1.0" encoding="UTF-8"?>
<!-- Generated by org.testng.reporters.JUnitReportReporter -->
<testsuite hostname="PC05" name="Testers.HashClassTest" tests="6" failures="0" timestamp="2 May 2016 08:09:33 GMT"
           time="0.004" errors="0">
    <testcase name="testSHA1" time="0.000" classname="Testers.HashClassTest"/>
    <testcase name="testSHA1" time="0.001" classname="Testers.HashClassTest"/>
    <testcase name="testSHA1" time="0.000" classname="Testers.HashClassTest"/>
    <testcase name="testSHA1" time="0.003" classname="Testers.HashClassTest"/>
    <testcase name="testSHA1" time="0.000" classname="Testers.HashClassTest"/>
    <testcase name="testSHA1" time="0.000" classname="Testers.HashClassTest"/>
</testsuite> <!-- Testers.HashClassTest -->
