<?xml version="1.0" encoding="UTF-8"?>
<!-- Generated by org.testng.reporters.JUnitReportReporter -->
<testsuite hostname="PC05" name="Testers.LoginCheckTest" tests="9" failures="0" timestamp="2 May 2016 08:09:33 GMT"
           time="0.215" errors="0">
    <testcase name="testChecking" time="0.001" classname="Testers.LoginCheckTest"/>
    <testcase name="testChecking" time="0.001" classname="Testers.LoginCheckTest"/>
    <testcase name="testChecking" time="0.002" classname="Testers.LoginCheckTest"/>
    <testcase name="testChecking" time="0.002" classname="Testers.LoginCheckTest"/>
    <testcase name="testChecking" time="0.002" classname="Testers.LoginCheckTest"/>
    <testcase name="testChecking" time="0.203" classname="Testers.LoginCheckTest"/>
    <testcase name="testChecking" time="0.001" classname="Testers.LoginCheckTest"/>
    <testcase name="testChecking" time="0.002" classname="Testers.LoginCheckTest"/>
    <testcase name="testChecking" time="0.001" classname="Testers.LoginCheckTest"/>
</testsuite> <!-- Testers.LoginCheckTest -->
